Using pre-set license
Built from '2022.3/staging' branch; Version is '2022.3.57f1 (9d8bd91adc0a) revision 10324953'; Using compiler version '192829333'; Build Type 'Release'
OS: 'Windows 11  (10.0.26100) 64bit CoreSingleLanguage' Language: 'en' Physical Memory: 24283 MB
BatchMode: 1, IsHumanControllingUs: 0, StartBugReporterOnCrash: 0, Is64bit: 1, IsPro: 1

COMMAND LINE ARGUMENTS:
C:\Program Files\Unity\Hub\Editor\2022.3.57f1\Editor\Unity.exe
-adb2
-batchMode
-noUpm
-name
AssetImportWorker1
-projectPath
D:/ETP_AFT814_Noor_Project/ETP_AFT814_Noor
-logFile
Logs/AssetImportWorker1.log
-srvPort
51897
Successfully changed project path to: D:/ETP_AFT814_Noor_Project/ETP_AFT814_Noor
D:/ETP_AFT814_Noor_Project/ETP_AFT814_Noor
[UnityMemory] Configuration Parameters - Can be set up in boot.config
    "memorysetup-bucket-allocator-granularity=16"
    "memorysetup-bucket-allocator-bucket-count=8"
    "memorysetup-bucket-allocator-block-size=33554432"
    "memorysetup-bucket-allocator-block-count=8"
    "memorysetup-main-allocator-block-size=16777216"
    "memorysetup-thread-allocator-block-size=16777216"
    "memorysetup-gfx-main-allocator-block-size=16777216"
    "memorysetup-gfx-thread-allocator-block-size=16777216"
    "memorysetup-cache-allocator-block-size=4194304"
    "memorysetup-typetree-allocator-block-size=2097152"
    "memorysetup-profiler-bucket-allocator-granularity=16"
    "memorysetup-profiler-bucket-allocator-bucket-count=8"
    "memorysetup-profiler-bucket-allocator-block-size=33554432"
    "memorysetup-profiler-bucket-allocator-block-count=8"
    "memorysetup-profiler-allocator-block-size=16777216"
    "memorysetup-profiler-editor-allocator-block-size=1048576"
    "memorysetup-temp-allocator-size-main=16777216"
    "memorysetup-job-temp-allocator-block-size=2097152"
    "memorysetup-job-temp-allocator-block-size-background=1048576"
    "memorysetup-job-temp-allocator-reduction-small-platforms=262144"
    "memorysetup-allocator-temp-initial-block-size-main=262144"
    "memorysetup-allocator-temp-initial-block-size-worker=262144"
    "memorysetup-temp-allocator-size-background-worker=32768"
    "memorysetup-temp-allocator-size-job-worker=262144"
    "memorysetup-temp-allocator-size-preload-manager=33554432"
    "memorysetup-temp-allocator-size-nav-mesh-worker=65536"
    "memorysetup-temp-allocator-size-audio-worker=65536"
    "memorysetup-temp-allocator-size-cloud-worker=32768"
    "memorysetup-temp-allocator-size-gi-baking-worker=262144"
    "memorysetup-temp-allocator-size-gfx=262144"
Player connection [4252]  Target information:

Player connection [4252]  * "[IP] 192.168.1.33 [Port] 0 [Flags] 2 [Guid] 1466978851 [EditorId] 1466978851 [Version] 1048832 [Id] WindowsEditor(7,Ren) [Debug] 1 [PackageName] WindowsEditor [ProjectName] Editor" 

Player connection [4252] Host joined multi-casting on [225.0.0.222:54997]...
Player connection [4252] Host joined alternative multi-casting on [225.0.0.222:34997]...
Input System module state changed to: Initialized.
[PhysX] Initialized MultithreadedTaskDispatcher with 12 workers.
Refreshing native plugins compatible for Editor in 8.38 ms, found 4 plugins.
Preloading 0 native plugins for Editor in 0.00 ms.
Initialize engine version: 2022.3.57f1 (9d8bd91adc0a)
[Subsystems] Discovering subsystems at path C:/Program Files/Unity/Hub/Editor/2022.3.57f1/Editor/Data/Resources/UnitySubsystems
[Subsystems] Discovering subsystems at path D:/ETP_AFT814_Noor_Project/ETP_AFT814_Noor/Assets
GfxDevice: creating device client; threaded=0; jobified=0
Direct3D:
    Version:  Direct3D 11.0 [level 11.1]
    Renderer: NVIDIA GeForce RTX 4050 Laptop GPU (ID=0x28e1)
    Vendor:   NVIDIA
    VRAM:     5921 MB
    Driver:   32.0.15.7262
Initialize mono
Mono path[0] = 'C:/Program Files/Unity/Hub/Editor/2022.3.57f1/Editor/Data/Managed'
Mono path[1] = 'C:/Program Files/Unity/Hub/Editor/2022.3.57f1/Editor/Data/MonoBleedingEdge/lib/mono/unityjit-win32'
Mono config path = 'C:/Program Files/Unity/Hub/Editor/2022.3.57f1/Editor/Data/MonoBleedingEdge/etc'
Using monoOptions --debugger-agent=transport=dt_socket,embedding=1,server=y,suspend=n,address=127.0.0.1:56312
Begin MonoManager ReloadAssembly
Registering precompiled unity dll's ...
Register platform support module: C:/Program Files/Unity/Hub/Editor/2022.3.57f1/Editor/Data/PlaybackEngines/WebGLSupport/UnityEditor.WebGL.Extensions.dll
Register platform support module: C:/Program Files/Unity/Hub/Editor/2022.3.57f1/Editor/Data/PlaybackEngines/WindowsStandaloneSupport/UnityEditor.WindowsStandalone.Extensions.dll
Registered in 0.008399 seconds.
- Loaded All Assemblies, in  0.350 seconds
Native extension for WindowsStandalone target not found
Native extension for WebGL target not found
Mono: successfully reloaded assembly
- Finished resetting the current domain, in  0.275 seconds
Domain Reload Profiling: 623ms
	BeginReloadAssembly (109ms)
		ExecutionOrderSort (0ms)
		DisableScriptedObjects (0ms)
		BackupInstance (0ms)
		ReleaseScriptingObjects (0ms)
		CreateAndSetChildDomain (1ms)
	RebuildCommonClasses (31ms)
	RebuildNativeTypeToScriptingClass (9ms)
	initialDomainReloadingComplete (56ms)
	LoadAllAssembliesAndSetupDomain (142ms)
		LoadAssemblies (107ms)
		RebuildTransferFunctionScriptingTraits (0ms)
		AnalyzeDomain (140ms)
			TypeCache.Refresh (139ms)
				TypeCache.ScanAssembly (127ms)
			ScanForSourceGeneratedMonoScriptInfo (0ms)
			ResolveRequiredComponents (0ms)
	FinalizeReload (275ms)
		ReleaseScriptCaches (0ms)
		RebuildScriptCaches (0ms)
		SetupLoadedEditorAssemblies (230ms)
			LogAssemblyErrors (0ms)
			InitializePlatformSupportModulesInManaged (11ms)
			SetLoadedEditorAssemblies (5ms)
			RefreshPlugins (0ms)
			BeforeProcessingInitializeOnLoad (2ms)
			ProcessInitializeOnLoadAttributes (154ms)
			ProcessInitializeOnLoadMethodAttributes (57ms)
			AfterProcessingInitializeOnLoad (0ms)
			EditorAssembliesLoaded (0ms)
		ExecutionOrderSort2 (0ms)
		AwakeInstancesAfterBackupRestoration (0ms)
========================================================================
Worker process is ready to serve import requests
Caller must complete domain reload
Begin MonoManager ReloadAssembly
- Loaded All Assemblies, in  0.679 seconds
Native extension for WindowsStandalone target not found
Native extension for WebGL target not found
Mono: successfully reloaded assembly
- Finished resetting the current domain, in  0.618 seconds
Domain Reload Profiling: 1295ms
	BeginReloadAssembly (156ms)
		ExecutionOrderSort (0ms)
		DisableScriptedObjects (4ms)
		BackupInstance (0ms)
		ReleaseScriptingObjects (0ms)
		CreateAndSetChildDomain (20ms)
	RebuildCommonClasses (33ms)
	RebuildNativeTypeToScriptingClass (9ms)
	initialDomainReloadingComplete (46ms)
	LoadAllAssembliesAndSetupDomain (432ms)
		LoadAssemblies (352ms)
		RebuildTransferFunctionScriptingTraits (0ms)
		AnalyzeDomain (176ms)
			TypeCache.Refresh (147ms)
				TypeCache.ScanAssembly (132ms)
			ScanForSourceGeneratedMonoScriptInfo (21ms)
			ResolveRequiredComponents (6ms)
	FinalizeReload (619ms)
		ReleaseScriptCaches (0ms)
		RebuildScriptCaches (0ms)
		SetupLoadedEditorAssemblies (450ms)
			LogAssemblyErrors (0ms)
			InitializePlatformSupportModulesInManaged (10ms)
			SetLoadedEditorAssemblies (5ms)
			RefreshPlugins (0ms)
			BeforeProcessingInitializeOnLoad (73ms)
			ProcessInitializeOnLoadAttributes (314ms)
			ProcessInitializeOnLoadMethodAttributes (41ms)
			AfterProcessingInitializeOnLoad (6ms)
			EditorAssembliesLoaded (0ms)
		ExecutionOrderSort2 (0ms)
		AwakeInstancesAfterBackupRestoration (6ms)
Launched and connected shader compiler UnityShaderCompiler.exe after 0.06 seconds
Refreshing native plugins compatible for Editor in 4.87 ms, found 4 plugins.
Preloading 0 native plugins for Editor in 0.00 ms.
Unloading 3992 Unused Serialized files (Serialized files now loaded: 0)
Unloading 38 unused Assets / (241.2 KB). Loaded Objects now: 4455.
Memory consumption went from 139.1 MB to 138.9 MB.
Total: 4.585600 ms (FindLiveObjects: 0.321900 ms CreateObjectMapping: 0.269000 ms MarkObjects: 3.728500 ms  DeleteObjects: 0.264500 ms)

AssetImportParameters requested are different than current active one (requested -> active):
  custom:container-demuxer-ogg: 62fdf1f143b41e24485cea50d1cbac27 -> 
  custom:video-codec-MediaFoundation-h265: 746d11721c4dcdbdad8f713fa42b33f4 -> 
  custom:video-decoder-ogg-theora: a1e56fd34408186e4bbccfd4996cb3dc -> 
  custom:framework-win-MediaFoundation: 216162199b28c13a410421893ffa2e32 -> 
  custom:CustomObjectIndexerAttribute: 9a22284fe3817be447336de3de66b15e -> 
  custom:container-demuxer-webm: 4f35f7cbe854078d1ac9338744f61a02 -> 
  custom:container-muxer-webm: aa71ff27fc2769a1b78a27578f13a17b -> 
  custom:video-decoder-webm-vp8: 9c59270c3fd7afecdb556c50c9e8de78 -> 
  custom:SearchIndexIgnoredProperties: e643bd26f0fe6173181afceb89e7c659 -> 
  custom:AudioImporter_EditorPlatform: d09bf68614088b80899f8185d706f6e7 -> 
  custom:video-encoder-webm-vp8: eb34c28f22e8b96e1ab97ce403110664 -> 
  custom:audio-decoder-ogg-vorbis: bf7c407c2cedff20999df2af8eb42d56 -> 
  custom:audio-encoder-webm-vorbis: bf7c407c2cedff20999df2af8eb42d56 -> 
========================================================================
Received Import Request.
  Time since last request: 6591.321955 seconds.
  path: Assets/Characters/1 Pink_Monster/Pink_Monster_Death_8.png
  artifactKey: Guid(015e79845e7a1e3489ee11645abeb6e4) Importer(815301076,1909f56bfc062723c751e8b465ee728b)
Start importing Assets/Characters/1 Pink_Monster/Pink_Monster_Death_8.png using Guid(015e79845e7a1e3489ee11645abeb6e4) Importer(815301076,1909f56bfc062723c751e8b465ee728b) [PhysX] Initialized MultithreadedTaskDispatcher with 12 workers.
[PhysX] Initialized MultithreadedTaskDispatcher with 12 workers.
 -> (artifact id: '3238d957ce241cdc21679e1abf52146f') in 0.084328 seconds
Number of updated asset objects reloaded before import = 0
Number of asset objects unloaded after import = 3
========================================================================
Received Import Request.
  Time since last request: 0.000022 seconds.
  path: Assets/Characters/2 Owlet_Monster/Rock2.png
  artifactKey: Guid(0a10063fb5cd8d740ba92c612cb13879) Importer(815301076,1909f56bfc062723c751e8b465ee728b)
Start importing Assets/Characters/2 Owlet_Monster/Rock2.png using Guid(0a10063fb5cd8d740ba92c612cb13879) Importer(815301076,1909f56bfc062723c751e8b465ee728b) [PhysX] Initialized MultithreadedTaskDispatcher with 12 workers.
[PhysX] Initialized MultithreadedTaskDispatcher with 12 workers.
 -> (artifact id: '59778c4f3fc02d6978e123e054a521d6') in 0.009236 seconds
Number of updated asset objects reloaded before import = 0
Number of asset objects unloaded after import = 3
========================================================================
Received Import Request.
  Time since last request: 0.000033 seconds.
  path: Assets/Characters/1 Pink_Monster/Pink_Monster_Hurt_4.png
  artifactKey: Guid(a068c9dac1be46945800ba04c050be81) Importer(815301076,1909f56bfc062723c751e8b465ee728b)
Start importing Assets/Characters/1 Pink_Monster/Pink_Monster_Hurt_4.png using Guid(a068c9dac1be46945800ba04c050be81) Importer(815301076,1909f56bfc062723c751e8b465ee728b) [PhysX] Initialized MultithreadedTaskDispatcher with 12 workers.
[PhysX] Initialized MultithreadedTaskDispatcher with 12 workers.
 -> (artifact id: '6b912e06876905df49871655f6161e70') in 0.010471 seconds
Number of updated asset objects reloaded before import = 0
Number of asset objects unloaded after import = 3
========================================================================
Received Import Request.
  Time since last request: 0.000028 seconds.
  path: Assets/Characters/2 Owlet_Monster/Owlet_Monster_Walk+Attack_6.png
  artifactKey: Guid(359a4e5653902c04aa17250817bd7495) Importer(815301076,1909f56bfc062723c751e8b465ee728b)
Start importing Assets/Characters/2 Owlet_Monster/Owlet_Monster_Walk+Attack_6.png using Guid(359a4e5653902c04aa17250817bd7495) Importer(815301076,1909f56bfc062723c751e8b465ee728b) [PhysX] Initialized MultithreadedTaskDispatcher with 12 workers.
[PhysX] Initialized MultithreadedTaskDispatcher with 12 workers.
 -> (artifact id: '0a7132c94fa2a4dcb17a5daf33f53ae2') in 0.008531 seconds
Number of updated asset objects reloaded before import = 0
Number of asset objects unloaded after import = 3
========================================================================
Received Import Request.
  Time since last request: 0.000017 seconds.
  path: Assets/Characters/1 Pink_Monster/Pink_Monster_Throw_4.png
  artifactKey: Guid(5b4aca79b7f89cd47bd603af56664c31) Importer(815301076,1909f56bfc062723c751e8b465ee728b)
Start importing Assets/Characters/1 Pink_Monster/Pink_Monster_Throw_4.png using Guid(5b4aca79b7f89cd47bd603af56664c31) Importer(815301076,1909f56bfc062723c751e8b465ee728b) [PhysX] Initialized MultithreadedTaskDispatcher with 12 workers.
[PhysX] Initialized MultithreadedTaskDispatcher with 12 workers.
 -> (artifact id: 'aa443b27ef4fc20516cabc44f63617ed') in 0.007734 seconds
Number of updated asset objects reloaded before import = 0
Number of asset objects unloaded after import = 3
========================================================================
Received Import Request.
  Time since last request: 0.000017 seconds.
  path: Assets/Characters/2 Owlet_Monster/Owlet_Monster_Push_6.png
  artifactKey: Guid(36a989a7730fae64c81ee0fc8d258b73) Importer(815301076,1909f56bfc062723c751e8b465ee728b)
Start importing Assets/Characters/2 Owlet_Monster/Owlet_Monster_Push_6.png using Guid(36a989a7730fae64c81ee0fc8d258b73) Importer(815301076,1909f56bfc062723c751e8b465ee728b) [PhysX] Initialized MultithreadedTaskDispatcher with 12 workers.
[PhysX] Initialized MultithreadedTaskDispatcher with 12 workers.
 -> (artifact id: '48bbd2372bcc934dbaf786ad3ec1765c') in 0.006979 seconds
Number of updated asset objects reloaded before import = 0
Number of asset objects unloaded after import = 3
========================================================================
Received Import Request.
  Time since last request: 0.000020 seconds.
  path: Assets/Characters/1 Pink_Monster/Rock1.png
  artifactKey: Guid(0defbfa336590e74fae0a3b2ec185aee) Importer(815301076,1909f56bfc062723c751e8b465ee728b)
Start importing Assets/Characters/1 Pink_Monster/Rock1.png using Guid(0defbfa336590e74fae0a3b2ec185aee) Importer(815301076,1909f56bfc062723c751e8b465ee728b) [PhysX] Initialized MultithreadedTaskDispatcher with 12 workers.
[PhysX] Initialized MultithreadedTaskDispatcher with 12 workers.
 -> (artifact id: 'a3992de1897a1599f0d10d9959253e7a') in 0.007285 seconds
Number of updated asset objects reloaded before import = 0
Number of asset objects unloaded after import = 3
========================================================================
Received Import Request.
  Time since last request: 0.000019 seconds.
  path: Assets/Characters/2 Owlet_Monster/Double_Jump_Dust_5.png
  artifactKey: Guid(20df42e74484d4a42be1fe508e835f3f) Importer(815301076,1909f56bfc062723c751e8b465ee728b)
Start importing Assets/Characters/2 Owlet_Monster/Double_Jump_Dust_5.png using Guid(20df42e74484d4a42be1fe508e835f3f) Importer(815301076,1909f56bfc062723c751e8b465ee728b) [PhysX] Initialized MultithreadedTaskDispatcher with 12 workers.
[PhysX] Initialized MultithreadedTaskDispatcher with 12 workers.
 -> (artifact id: '88e6fb5c120da9ff75c4d46b1dd6effe') in 0.007130 seconds
Number of updated asset objects reloaded before import = 0
Number of asset objects unloaded after import = 3
========================================================================
Received Import Request.
  Time since last request: 0.000033 seconds.
  path: Assets/Characters/1 Pink_Monster/Pink_Monster_Attack1_4.png
  artifactKey: Guid(3ae85b18251f6704fa80ab9e98fe85f2) Importer(815301076,1909f56bfc062723c751e8b465ee728b)
Start importing Assets/Characters/1 Pink_Monster/Pink_Monster_Attack1_4.png using Guid(3ae85b18251f6704fa80ab9e98fe85f2) Importer(815301076,1909f56bfc062723c751e8b465ee728b) [PhysX] Initialized MultithreadedTaskDispatcher with 12 workers.
[PhysX] Initialized MultithreadedTaskDispatcher with 12 workers.
 -> (artifact id: 'ddc8f5a09014095b80e2dc3ad1ceb249') in 0.006844 seconds
Number of updated asset objects reloaded before import = 0
Number of asset objects unloaded after import = 3
========================================================================
Received Import Request.
  Time since last request: 0.000027 seconds.
  path: Assets/Characters/2 Owlet_Monster/Owlet_Monster_Throw_4.png
  artifactKey: Guid(22d21627e78d5a348968b145e520959f) Importer(815301076,1909f56bfc062723c751e8b465ee728b)
Start importing Assets/Characters/2 Owlet_Monster/Owlet_Monster_Throw_4.png using Guid(22d21627e78d5a348968b145e520959f) Importer(815301076,1909f56bfc062723c751e8b465ee728b) [PhysX] Initialized MultithreadedTaskDispatcher with 12 workers.
[PhysX] Initialized MultithreadedTaskDispatcher with 12 workers.
 -> (artifact id: '0c65b76b534a907e3b9a496a4edaddc4') in 0.008036 seconds
Number of updated asset objects reloaded before import = 0
Number of asset objects unloaded after import = 3
========================================================================
Received Import Request.
  Time since last request: 0.000063 seconds.
  path: Assets/Characters/2 Owlet_Monster/Owlet_Monster_Hurt_4.png
  artifactKey: Guid(0bbb6e4216cf13649982b476edc6b38a) Importer(815301076,1909f56bfc062723c751e8b465ee728b)
Start importing Assets/Characters/2 Owlet_Monster/Owlet_Monster_Hurt_4.png using Guid(0bbb6e4216cf13649982b476edc6b38a) Importer(815301076,1909f56bfc062723c751e8b465ee728b) [PhysX] Initialized MultithreadedTaskDispatcher with 12 workers.
[PhysX] Initialized MultithreadedTaskDispatcher with 12 workers.
 -> (artifact id: 'e5387f76b758de75a9988ad2d22652e0') in 0.008305 seconds
Number of updated asset objects reloaded before import = 0
Number of asset objects unloaded after import = 3
========================================================================
Received Import Request.
  Time since last request: 2.402971 seconds.
  path: Assets/Characters/3 Dude_Monster/Dude_Monster_Attack1_4.png
  artifactKey: Guid(48589a98bc10d3847a8717f2a7b921c1) Importer(815301076,1909f56bfc062723c751e8b465ee728b)
Start importing Assets/Characters/3 Dude_Monster/Dude_Monster_Attack1_4.png using Guid(48589a98bc10d3847a8717f2a7b921c1) Importer(815301076,1909f56bfc062723c751e8b465ee728b) [PhysX] Initialized MultithreadedTaskDispatcher with 12 workers.
[PhysX] Initialized MultithreadedTaskDispatcher with 12 workers.
 -> (artifact id: '4e905967c05d03488655d4f72bf236ef') in 0.023862 seconds
Number of updated asset objects reloaded before import = 0
Number of asset objects unloaded after import = 3
========================================================================
Received Import Request.
  Time since last request: 0.000044 seconds.
  path: Assets/Characters/3 Dude_Monster/Dude_Monster_Attack2_6.png
  artifactKey: Guid(3bb30126d0cf0af499dcba84cd317c58) Importer(815301076,1909f56bfc062723c751e8b465ee728b)
Start importing Assets/Characters/3 Dude_Monster/Dude_Monster_Attack2_6.png using Guid(3bb30126d0cf0af499dcba84cd317c58) Importer(815301076,1909f56bfc062723c751e8b465ee728b) [PhysX] Initialized MultithreadedTaskDispatcher with 12 workers.
[PhysX] Initialized MultithreadedTaskDispatcher with 12 workers.
 -> (artifact id: 'f411f1645dcc763c8ab15355d07fe57d') in 0.029681 seconds
Number of updated asset objects reloaded before import = 0
Number of asset objects unloaded after import = 3
========================================================================
Received Import Request.
  Time since last request: 0.000135 seconds.
  path: Assets/Characters/3 Dude_Monster/Dude_Monster_Idle_4.png
  artifactKey: Guid(90547b6cfe1c05e4382dd92dff84dc2d) Importer(815301076,1909f56bfc062723c751e8b465ee728b)
Start importing Assets/Characters/3 Dude_Monster/Dude_Monster_Idle_4.png using Guid(90547b6cfe1c05e4382dd92dff84dc2d) Importer(815301076,1909f56bfc062723c751e8b465ee728b) [PhysX] Initialized MultithreadedTaskDispatcher with 12 workers.
[PhysX] Initialized MultithreadedTaskDispatcher with 12 workers.
 -> (artifact id: 'a7c44e37f0219956a3a0d9eb81b5bfb4') in 0.034351 seconds
Number of updated asset objects reloaded before import = 0
Number of asset objects unloaded after import = 3
========================================================================
Received Import Request.
  Time since last request: 0.000016 seconds.
  path: Assets/Characters/3 Dude_Monster/Dude_Monster_Walk_6.png
  artifactKey: Guid(f04bbbea72047a64c82699b281ac4121) Importer(815301076,1909f56bfc062723c751e8b465ee728b)
Start importing Assets/Characters/3 Dude_Monster/Dude_Monster_Walk_6.png using Guid(f04bbbea72047a64c82699b281ac4121) Importer(815301076,1909f56bfc062723c751e8b465ee728b) [PhysX] Initialized MultithreadedTaskDispatcher with 12 workers.
[PhysX] Initialized MultithreadedTaskDispatcher with 12 workers.
 -> (artifact id: '32bbe8c77590349b6356702c2ce67517') in 0.029374 seconds
Number of updated asset objects reloaded before import = 0
Number of asset objects unloaded after import = 3
========================================================================
Received Import Request.
  Time since last request: 0.000019 seconds.
  path: Assets/Characters/3 Dude_Monster/Walk_Run_Push_Dust_6.png
  artifactKey: Guid(9b287849297352345b52fe3e2a71f6b5) Importer(815301076,1909f56bfc062723c751e8b465ee728b)
Start importing Assets/Characters/3 Dude_Monster/Walk_Run_Push_Dust_6.png using Guid(9b287849297352345b52fe3e2a71f6b5) Importer(815301076,1909f56bfc062723c751e8b465ee728b) [PhysX] Initialized MultithreadedTaskDispatcher with 12 workers.
[PhysX] Initialized MultithreadedTaskDispatcher with 12 workers.
 -> (artifact id: '73347c2d2be638910e480e1900350ac3') in 0.019545 seconds
Number of updated asset objects reloaded before import = 0
Number of asset objects unloaded after import = 3
========================================================================
Received Import Request.
  Time since last request: 1.813751 seconds.
  path: Assets/Characters/Kunoichi/Cast.png
  artifactKey: Guid(5290e66fbdbff584e825ac1a03b52711) Importer(815301076,1909f56bfc062723c751e8b465ee728b)
Start importing Assets/Characters/Kunoichi/Cast.png using Guid(5290e66fbdbff584e825ac1a03b52711) Importer(815301076,1909f56bfc062723c751e8b465ee728b) [PhysX] Initialized MultithreadedTaskDispatcher with 12 workers.
[PhysX] Initialized MultithreadedTaskDispatcher with 12 workers.
 -> (artifact id: '9c28e42f0dc69c6cd9e9a901bb4316b3') in 0.052253 seconds
Number of updated asset objects reloaded before import = 0
Number of asset objects unloaded after import = 3
========================================================================
Received Import Request.
  Time since last request: 0.000019 seconds.
  path: Assets/Characters/Kunoichi/Run.png
  artifactKey: Guid(ab298091ecea9464d8ea9f3d0e693e39) Importer(815301076,1909f56bfc062723c751e8b465ee728b)
Start importing Assets/Characters/Kunoichi/Run.png using Guid(ab298091ecea9464d8ea9f3d0e693e39) Importer(815301076,1909f56bfc062723c751e8b465ee728b) [PhysX] Initialized MultithreadedTaskDispatcher with 12 workers.
[PhysX] Initialized MultithreadedTaskDispatcher with 12 workers.
 -> (artifact id: 'be4b4acda9d3346e3b8a6e6a229688cb') in 0.024964 seconds
Number of updated asset objects reloaded before import = 0
Number of asset objects unloaded after import = 3
========================================================================
Received Import Request.
  Time since last request: 0.000146 seconds.
  path: Assets/Characters/Kunoichi/Dead.png
  artifactKey: Guid(20f6df6020b3e114abe372d98913fc4c) Importer(815301076,1909f56bfc062723c751e8b465ee728b)
Start importing Assets/Characters/Kunoichi/Dead.png using Guid(20f6df6020b3e114abe372d98913fc4c) Importer(815301076,1909f56bfc062723c751e8b465ee728b) [PhysX] Initialized MultithreadedTaskDispatcher with 12 workers.
[PhysX] Initialized MultithreadedTaskDispatcher with 12 workers.
 -> (artifact id: '40225e4db1d8b3ae2cc13263a4dbc62c') in 0.042119 seconds
Number of updated asset objects reloaded before import = 0
Number of asset objects unloaded after import = 3
========================================================================
Received Import Request.
  Time since last request: 0.000019 seconds.
  path: Assets/Characters/Kunoichi/Hurt.png
  artifactKey: Guid(a87abad9c25002c45b5ecfc3cb8efff6) Importer(815301076,1909f56bfc062723c751e8b465ee728b)
Start importing Assets/Characters/Kunoichi/Hurt.png using Guid(a87abad9c25002c45b5ecfc3cb8efff6) Importer(815301076,1909f56bfc062723c751e8b465ee728b) [PhysX] Initialized MultithreadedTaskDispatcher with 12 workers.
[PhysX] Initialized MultithreadedTaskDispatcher with 12 workers.
 -> (artifact id: '4d3536285d4fb4c232105c4023572394') in 0.039065 seconds
Number of updated asset objects reloaded before import = 0
Number of asset objects unloaded after import = 3
========================================================================
Received Import Request.
  Time since last request: 2.630770 seconds.
  path: Assets/Characters/Ninja_Monk/Blade.png
  artifactKey: Guid(0f4f071adaaa0684099ec55706ae729e) Importer(815301076,1909f56bfc062723c751e8b465ee728b)
Start importing Assets/Characters/Ninja_Monk/Blade.png using Guid(0f4f071adaaa0684099ec55706ae729e) Importer(815301076,1909f56bfc062723c751e8b465ee728b) [PhysX] Initialized MultithreadedTaskDispatcher with 12 workers.
[PhysX] Initialized MultithreadedTaskDispatcher with 12 workers.
 -> (artifact id: '31817e2945db31600e9fdc5eabd07ff7') in 0.041468 seconds
Number of updated asset objects reloaded before import = 0
Number of asset objects unloaded after import = 3
========================================================================
Received Import Request.
  Time since last request: 0.000019 seconds.
  path: Assets/Characters/Ninja_Monk/Jump.png
  artifactKey: Guid(7579a66c33bbb894ab493dd7e448ce2c) Importer(815301076,1909f56bfc062723c751e8b465ee728b)
Start importing Assets/Characters/Ninja_Monk/Jump.png using Guid(7579a66c33bbb894ab493dd7e448ce2c) Importer(815301076,1909f56bfc062723c751e8b465ee728b) [PhysX] Initialized MultithreadedTaskDispatcher with 12 workers.
[PhysX] Initialized MultithreadedTaskDispatcher with 12 workers.
 -> (artifact id: '1d74f710d79fdd61c452e0a7ef97a811') in 0.034783 seconds
Number of updated asset objects reloaded before import = 0
Number of asset objects unloaded after import = 3
========================================================================
Received Import Request.
  Time since last request: 0.000116 seconds.
  path: Assets/Characters/Ninja_Monk/Run.png
  artifactKey: Guid(2a21ebdc9eac87d43838bc719dd2e85a) Importer(815301076,1909f56bfc062723c751e8b465ee728b)
Start importing Assets/Characters/Ninja_Monk/Run.png using Guid(2a21ebdc9eac87d43838bc719dd2e85a) Importer(815301076,1909f56bfc062723c751e8b465ee728b) [PhysX] Initialized MultithreadedTaskDispatcher with 12 workers.
[PhysX] Initialized MultithreadedTaskDispatcher with 12 workers.
 -> (artifact id: '724a0011267991cc352b51cfcbf38ead') in 0.010757 seconds
Number of updated asset objects reloaded before import = 0
Number of asset objects unloaded after import = 3
========================================================================
Received Import Request.
  Time since last request: 0.000034 seconds.
  path: Assets/Characters/Ninja_Monk/Hurt.png
  artifactKey: Guid(493f639bc8252b546b78c5f45f62e25f) Importer(815301076,1909f56bfc062723c751e8b465ee728b)
Start importing Assets/Characters/Ninja_Monk/Hurt.png using Guid(493f639bc8252b546b78c5f45f62e25f) Importer(815301076,1909f56bfc062723c751e8b465ee728b) [PhysX] Initialized MultithreadedTaskDispatcher with 12 workers.
[PhysX] Initialized MultithreadedTaskDispatcher with 12 workers.
 -> (artifact id: 'b327dd3cf138a1bfe209c1e41f4ea4ec') in 0.007600 seconds
Number of updated asset objects reloaded before import = 0
Number of asset objects unloaded after import = 3
========================================================================
Received Import Request.
  Time since last request: 6.318535 seconds.
  path: Assets/Characters/Ninja_Peasant/Dart.png
  artifactKey: Guid(edfa700b02d7d5648b7f03cd85dbe610) Importer(815301076,1909f56bfc062723c751e8b465ee728b)
Start importing Assets/Characters/Ninja_Peasant/Dart.png using Guid(edfa700b02d7d5648b7f03cd85dbe610) Importer(815301076,1909f56bfc062723c751e8b465ee728b) [PhysX] Initialized MultithreadedTaskDispatcher with 12 workers.
[PhysX] Initialized MultithreadedTaskDispatcher with 12 workers.
 -> (artifact id: '66e76c0ef47837c13f7ccd42b0016b06') in 0.053057 seconds
Number of updated asset objects reloaded before import = 0
Number of asset objects unloaded after import = 3
========================================================================
Received Import Request.
  Time since last request: 0.000018 seconds.
  path: Assets/Characters/Ninja_Peasant/Walk.png
  artifactKey: Guid(86049099cd3f0f544a0be08d23c4bbf9) Importer(815301076,1909f56bfc062723c751e8b465ee728b)
Start importing Assets/Characters/Ninja_Peasant/Walk.png using Guid(86049099cd3f0f544a0be08d23c4bbf9) Importer(815301076,1909f56bfc062723c751e8b465ee728b) [PhysX] Initialized MultithreadedTaskDispatcher with 12 workers.
[PhysX] Initialized MultithreadedTaskDispatcher with 12 workers.
 -> (artifact id: '52a20cb889152bc6fee902fab39536af') in 0.015353 seconds
Number of updated asset objects reloaded before import = 0
Number of asset objects unloaded after import = 3
========================================================================
Received Import Request.
  Time since last request: 0.000035 seconds.
  path: Assets/Characters/Ninja_Peasant/Dead.png
  artifactKey: Guid(2c8d64fc0ff1b5e47983e86f1d718824) Importer(815301076,1909f56bfc062723c751e8b465ee728b)
Start importing Assets/Characters/Ninja_Peasant/Dead.png using Guid(2c8d64fc0ff1b5e47983e86f1d718824) Importer(815301076,1909f56bfc062723c751e8b465ee728b) [PhysX] Initialized MultithreadedTaskDispatcher with 12 workers.
[PhysX] Initialized MultithreadedTaskDispatcher with 12 workers.
 -> (artifact id: '805e8ea5dcd41799e390d93de43cb15c') in 0.007560 seconds
Number of updated asset objects reloaded before import = 0
Number of asset objects unloaded after import = 3
Editor requested this worker to shutdown with reason: Scaling down because of idle timeout
TcpMessagingSession - receive error: operation aborted. errorcode: 995, details: The I/O operation has been aborted because of either a thread exit or an application request.
AssetImportWorker is now disconnected from the server
Process exiting
Exiting without the bug reporter. Application will terminate with return code 0